# JRE version: OpenJDK Runtime Environment Microsoft-8035246 (17.0.8+7) (build 17.0.8+7-LTS)
# Java VM: OpenJDK 64-Bit Server VM Microsoft-8035246 (17.0.8+7-LTS, mixed mode, sharing, tiered, compressed oops, compressed class ptrs, g1 gc, windows-amd64)
GC Precious Log:
 CPUs: 12 total, 12 available
 Memory: 7885M
 Large Page Support: Disabled
 NUMA Support: Disabled
 Compressed Oops: Enabled (32-bit)
 Heap Region Size: 1M
 Heap Min Capacity: 8M
 Heap Initial Capacity: 124M
 Heap Max Capacity: 2G
 Pre-touch: Disabled
 Parallel Workers: 10
 Concurrent Workers: 3
 Concurrent Refinement Workers: 10
 Periodic GC: Disabled
Heap:
 garbage-first heap   total 225280K, used 178469K [0x0000000080000000, 0x0000000100000000)
  region size 1024K, 14 young (14336K), 2 survivors (2048K)
 Metaspace       used 108323K, committed 109376K, reserved 557056K
  class space    used 14972K, committed 15424K, reserved 425984K
GC Heap History (20 events):
Event: 27.830 GC heap before
{Heap before GC invocations=58 (full 0):
 garbage-first heap   total 225280K, used 178995K [0x0000000080000000, 0x0000000100000000)
  region size 1024K, 47 young (48128K), 1 survivors (1024K)
 Metaspace       used 97155K, committed 98176K, reserved 557056K
  class space    used 13517K, committed 13952K, reserved 425984K
}
Event: 27.836 GC heap after
{Heap after GC invocations=59 (full 0):
 garbage-first heap   total 225280K, used 140693K [0x0000000080000000, 0x0000000100000000)
  region size 1024K, 6 young (6144K), 6 survivors (6144K)
 Metaspace       used 97155K, committed 98176K, reserved 557056K
  class space    used 13517K, committed 13952K, reserved 425984K
}
Event: 28.370 GC heap before
{Heap before GC invocations=59 (full 0):
 garbage-first heap   total 225280K, used 180629K [0x0000000080000000, 0x0000000100000000)
  region size 1024K, 45 young (46080K), 6 survivors (6144K)
 Metaspace       used 99860K, committed 100800K, reserved 557056K
  class space    used 13935K, committed 14400K, reserved 425984K
}
Event: 28.376 GC heap after
{Heap after GC invocations=60 (full 0):
 garbage-first heap   total 225280K, used 142979K [0x0000000080000000, 0x0000000100000000)
  region size 1024K, 3 young (3072K), 3 survivors (3072K)
 Metaspace       used 99860K, committed 100800K, reserved 557056K
  class space    used 13935K, committed 14400K, reserved 425984K
}
Event: 29.224 GC heap before
{Heap before GC invocations=60 (full 0):
 garbage-first heap   total 225280K, used 183939K [0x0000000080000000, 0x0000000100000000)
  region size 1024K, 43 young (44032K), 3 survivors (3072K)
 Metaspace       used 103019K, committed 104000K, reserved 557056K
  class space    used 14331K, committed 14784K, reserved 425984K
}
Event: 29.229 GC heap after
{Heap after GC invocations=61 (full 0):
 garbage-first heap   total 225280K, used 146559K [0x0000000080000000, 0x0000000100000000)
  region size 1024K, 6 young (6144K), 6 survivors (6144K)
 Metaspace       used 103019K, committed 104000K, reserved 557056K
  class space    used 14331K, committed 14784K, reserved 425984K
}
Event: 29.884 GC heap before
{Heap before GC invocations=61 (full 0):
 garbage-first heap   total 225280K, used 186495K [0x0000000080000000, 0x0000000100000000)
  region size 1024K, 45 young (46080K), 6 survivors (6144K)
 Metaspace       used 104347K, committed 105408K, reserved 557056K
  class space    used 14493K, committed 14976K, reserved 425984K
}
Event: 29.889 GC heap after
{Heap after GC invocations=62 (full 0):
 garbage-first heap   total 225280K, used 150887K [0x0000000080000000, 0x0000000100000000)
  region size 1024K, 5 young (5120K), 5 survivors (5120K)
 Metaspace       used 104347K, committed 105408K, reserved 557056K
  class space    used 14493K, committed 14976K, reserved 425984K
}
Event: 30.255 GC heap before
{Heap before GC invocations=62 (full 0):
 garbage-first heap   total 225280K, used 187751K [0x0000000080000000, 0x0000000100000000)
  region size 1024K, 41 young (41984K), 5 survivors (5120K)
 Metaspace       used 104763K, committed 105856K, reserved 557056K
  class space    used 14529K, committed 15040K, reserved 425984K
}
Event: 30.261 GC heap after
{Heap after GC invocations=63 (full 0):
 garbage-first heap   total 225280K, used 154591K [0x0000000080000000, 0x0000000100000000)
  region size 1024K, 4 young (4096K), 4 survivors (4096K)
 Metaspace       used 104763K, committed 105856K, reserved 557056K
  class space    used 14529K, committed 15040K, reserved 425984K
}
Event: 30.726 GC heap before
{Heap before GC invocations=63 (full 0):
 garbage-first heap   total 225280K, used 193503K [0x0000000080000000, 0x0000000100000000)
  region size 1024K, 38 young (38912K), 4 survivors (4096K)
 Metaspace       used 106766K, committed 107776K, reserved 557056K
  class space    used 14694K, committed 15168K, reserved 425984K
}
Event: 30.731 GC heap after
{Heap after GC invocations=64 (full 0):
 garbage-first heap   total 225280K, used 159506K [0x0000000080000000, 0x0000000100000000)
  region size 1024K, 5 young (5120K), 5 survivors (5120K)
 Metaspace       used 106766K, committed 107776K, reserved 557056K
  class space    used 14694K, committed 15168K, reserved 425984K
}
Event: 31.052 GC heap before
{Heap before GC invocations=64 (full 0):
 garbage-first heap   total 225280K, used 189202K [0x0000000080000000, 0x0000000100000000)
  region size 1024K, 35 young (35840K), 5 survivors (5120K)
 Metaspace       used 107550K, committed 108608K, reserved 557056K
  class space    used 14872K, committed 15360K, reserved 425984K
}
Event: 31.056 GC heap after
{Heap after GC invocations=65 (full 0):
 garbage-first heap   total 225280K, used 161363K [0x0000000080000000, 0x0000000100000000)
  region size 1024K, 2 young (2048K), 2 survivors (2048K)
 Metaspace       used 107550K, committed 108608K, reserved 557056K
  class space    used 14872K, committed 15360K, reserved 425984K
}
Event: 31.523 GC heap before
{Heap before GC invocations=65 (full 0):
 garbage-first heap   total 225280K, used 191059K [0x0000000080000000, 0x0000000100000000)
  region size 1024K, 32 young (32768K), 2 survivors (2048K)
 Metaspace       used 108198K, committed 109184K, reserved 557056K
  class space    used 14971K, committed 15424K, reserved 425984K
}
Event: 31.527 GC heap after
{Heap after GC invocations=66 (full 0):
 garbage-first heap   total 225280K, used 162827K [0x0000000080000000, 0x0000000100000000)
  region size 1024K, 4 young (4096K), 4 survivors (4096K)
 Metaspace       used 108198K, committed 109184K, reserved 557056K
  class space    used 14971K, committed 15424K, reserved 425984K
}
Event: 31.690 GC heap before
{Heap before GC invocations=66 (full 0):
 garbage-first heap   total 225280K, used 191499K [0x0000000080000000, 0x0000000100000000)
  region size 1024K, 33 young (33792K), 4 survivors (4096K)
 Metaspace       used 108314K, committed 109376K, reserved 557056K
  class space    used 14972K, committed 15424K, reserved 425984K
}
Event: 31.693 GC heap after
{Heap after GC invocations=67 (full 0):
 garbage-first heap   total 225280K, used 166328K [0x0000000080000000, 0x0000000100000000)
  region size 1024K, 5 young (5120K), 5 survivors (5120K)
 Metaspace       used 108314K, committed 109376K, reserved 557056K
  class space    used 14972K, committed 15424K, reserved 425984K
}
Event: 31.975 GC heap before
{Heap before GC invocations=67 (full 0):
 garbage-first heap   total 225280K, used 191928K [0x0000000080000000, 0x0000000100000000)
  region size 1024K, 31 young (31744K), 5 survivors (5120K)
 Metaspace       used 108323K, committed 109376K, reserved 557056K
  class space    used 14972K, committed 15424K, reserved 425984K
}
Event: 31.979 GC heap after
{Heap after GC invocations=68 (full 0):
 garbage-first heap   total 225280K, used 168229K [0x0000000080000000, 0x0000000100000000)
  region size 1024K, 2 young (2048K), 2 survivors (2048K)
 Metaspace       used 108323K, committed 109376K, reserved 557056K
  class space    used 14972K, committed 15424K, reserved 425984K
}

